<?xml version="1.0" encoding="UTF-8"?>
<!-- Generated by org.testng.reporters.JUnitReportReporter -->
<testsuite hostname="0806" name="com.test.TeamWorkTest" tests="1" failures="0" timestamp="10 Jan 2016 13:01:36 GMT" time="91.930" errors="0">
  <testcase name="testAddTaskToTaskList" time="91.930" classname="com.test.TeamWorkTest"/>
</testsuite> <!-- com.test.TeamWorkTest -->
